
> portfolio@1.0.0 build
> vite build

[36mvite v7.3.1 [32mbuilding client environment for production...[36m[39m
(node:18220) [MODULE_TYPELESS_PACKAGE_JSON] Warning: Module type of file:///D:/learn/Ridhikesh-Portfolio/portfolio/postcss.config.js?t=1772993174727 is not specified and it doesn't parse as CommonJS.
Reparsing as ES module because module syntax was detected. This incurs a performance overhead.
To eliminate this warning, add "type": "module" to D:\learn\Ridhikesh-Portfolio\portfolio\package.json.
(Use `node --trace-warnings ...` to show where the warning was created)
transforming...
[32m✓[39m 43 modules transformed.
rendering chunks...
computing gzip size...
[2mdist/[22m[32mindex.html                   [39m[1m[2m  0.95 kB[22m[1m[22m[2m │ gzip:   0.52 kB[22m
[2mdist/[22m[32massets/profile-BrWS4pIU.jpg  [39m[1m[2m 41.40 kB[22m[1m[22m
[2mdist/[22m[32massets/chat-DfbMaZze.png     [39m[1m[2m332.85 kB[22m[1m[22m
[2mdist/[22m[32massets/emoji-DV9pbADu.png    [39m[1m[2m412.87 kB[22m[1m[22m
[2mdist/[22m[32massets/health-Fq0vLVai.png   [39m[1m[2m431.94 kB[22m[1m[22m
[2mdist/[22m[35massets/index-Cdr_9-3f.css    [39m[1m[2m 28.24 kB[22m[1m[22m[2m │ gzip:   5.31 kB[22m
[2mdist/[22m[36massets/index-DSKL40TE.js     [39m[1m[33m709.55 kB[39m[22m[2m │ gzip: 191.40 kB[22m
[33m
(!) Some chunks are larger than 500 kB after minification. Consider:
- Using dynamic import() to code-split the application
- Use build.rollupOptions.output.manualChunks to improve chunking: https://rollupjs.org/configuration-options/#output-manualchunks
- Adjust chunk size limit for this warning via build.chunkSizeWarningLimit.[39m
[32m✓ built in 7.46s[39m
